[debug] [2020-10-13T15:22:18.795Z] ----------------------------------------------------------------------
[debug] [2020-10-13T15:22:18.797Z] Command:       C:\Program Files\nodejs\node.exe C:\Users\pc295\AppData\Roaming\npm\node_modules\firebase-tools\lib\bin\firebase.js init
[debug] [2020-10-13T15:22:18.798Z] CLI Version:   8.11.2
[debug] [2020-10-13T15:22:18.798Z] Platform:      win32
[debug] [2020-10-13T15:22:18.798Z] Node Version:  v14.5.0
[debug] [2020-10-13T15:22:18.799Z] Time:          Tue Oct 13 2020 20:52:18 GMT+0530 (India Standard Time)
[debug] [2020-10-13T15:22:18.799Z] ----------------------------------------------------------------------
[debug] [2020-10-13T15:22:18.799Z] 
[debug] [2020-10-13T15:22:18.804Z] > command requires scopes: ["email","openid","https://www.googleapis.com/auth/cloudplatformprojects.readonly","https://www.googleapis.com/auth/firebase","https://www.googleapis.com/auth/cloud-platform"]
[debug] [2020-10-13T15:22:18.804Z] > authorizing via signed-in user
[info] 
     ######## #### ########  ######## ########     ###     ######  ########
     ##        ##  ##     ## ##       ##     ##  ##   ##  ##       ##
     ######    ##  ########  ######   ########  #########  ######  ######
     ##        ##  ##    ##  ##       ##     ## ##     ##       ## ##
     ##       #### ##     ## ######## ########  ##     ##  ######  ########

You're about to initialize a Firebase project in this directory:

  D:\Clone\amazon-clone

Before we get started, keep in mind:

  * You are initializing in an existing Firebase project directory

[info] 
=== Project Setup
[info] 
[info] First, let's associate this project directory with a Firebase project.
[info] You can create multiple project aliases by running firebase use --add, 
[info] but for now we'll just set up a default project.
[info] 
[info] i  .firebaserc already has a default project, using clone-2ab30. 
[debug] [2020-10-13T15:22:27.257Z] >>> HTTP REQUEST GET https://firebase.googleapis.com/v1beta1/projects/clone-2ab30  
 
[debug] [2020-10-13T15:22:27.848Z] <<< HTTP RESPONSE 200 {"content-type":"application/json; charset=UTF-8","vary":"X-Origin, Referer, Origin,Accept-Encoding","date":"Tue, 13 Oct 2020 15:22:28 GMT","server":"ESF","cache-control":"private","x-xss-protection":"0","x-frame-options":"SAMEORIGIN","x-content-type-options":"nosniff","alt-svc":"h3-Q050=\":443\"; ma=2592000,h3-29=\":443\"; ma=2592000,h3-27=\":443\"; ma=2592000,h3-T051=\":443\"; ma=2592000,h3-T050=\":443\"; ma=2592000,h3-Q046=\":443\"; ma=2592000,h3-Q043=\":443\"; ma=2592000,quic=\":443\"; ma=2592000; v=\"46,43\"","accept-ranges":"none","transfer-encoding":"chunked"}
[info] 
=== Emulators Setup
